#
# There is insufficient memory for the Java Runtime Environment to continue.
# Native memory allocation (malloc) failed to allocate 1228976 bytes. Error detail: Chunk::new
# Possible reasons:
#   The system is out of physical RAM or swap space
#   This process is running with CompressedOops enabled, and the Java Heap may be blocking the growth of the native heap
# Possible solutions:
#   Reduce memory load on the system
#   Increase physical memory or swap space
#   Check if swap backing store is full
#   Decrease Java heap size (-Xmx/-Xms)
#   Decrease number of Java threads
#   Decrease Java thread stack sizes (-Xss)
#   Set larger code cache with -XX:ReservedCodeCacheSize=
#   JVM is running with Zero Based Compressed Oops mode in which the Java heap is
#     placed in the first 32GB address space. The Java Heap base address is the
#     maximum limit for the native heap growth. Please use -XX:HeapBaseMinAddress
#     to set the Java Heap base and to place the Java Heap above 32GB virtual address.
# This output file may be truncated or incomplete.
#
#  Out of Memory Error (arena.cpp:168), pid=2800, tid=23828
#
# JRE version: OpenJDK Runtime Environment JBR-21.0.5+8-631.16-jcef (21.0.5+8) (build 21.0.5+8-b631.16)
# Java VM: OpenJDK 64-Bit Server VM JBR-21.0.5+8-631.16-jcef (21.0.5+8-b631.16, mixed mode, sharing, tiered, compressed oops, compressed class ptrs, g1 gc, windows-amd64)
# No core dump will be written. Minidumps are not enabled by default on client versions of Windows
#

---------------  S U M M A R Y ------------

Command Line: git4idea.http.GitAskPassApp Username for 'https://github.com': 

Host: 12th Gen Intel(R) Core(TM) i7-12700H, 20 cores, 15G,  Windows 11 , 64 bit Build 22621 (10.0.22621.4391)
Time: Wed Dec 11 03:01:14 2024 RTZ 2 (s 11 , 64 bit Build 22621 (10.0.22621.4391) elapsed time: 0.489203 seconds (0d 0h 0m 0s)

---------------  T H R E A D  ---------------

Current thread (0x00000204e4014b10):  JavaThread "C2 CompilerThread0" daemon [_thread_in_native, id=23828, stack(0x0000008702400000,0x0000008702500000) (1024K)]


Current CompileTask:
C2:489 1141       4       sun.security.ec.ECOperations::setDouble (463 bytes)

Stack: [0x0000008702400000,0x0000008702500000]
Native frames: (J=compiled Java code, j=interpreted, Vv=VM code, C=native code)
V  [jvm.dll+0x6e52b9]
V  [jvm.dll+0x8c3633]
V  [jvm.dll+0x8c5b8e]
V  [jvm.dll+0x8c6273]
V  [jvm.dll+0x288f46]
V  [jvm.dll+0xc66dd]
V  [jvm.dll+0xc6c13]
V  [jvm.dll+0x3c4531]
V  [jvm.dll+0x3901c7]
V  [jvm.dll+0x38f63a]
V  [jvm.dll+0x2507a2]
V  [jvm.dll+0x24fd71]
V  [jvm.dll+0x1cd6a4]
V  [jvm.dll+0x25f5dc]
V  [jvm.dll+0x25db26]
V  [jvm.dll+0x3ff5e6]
V  [jvm.dll+0x86b248]
V  [jvm.dll+0x6e3abd]
C  [ucrtbase.dll+0x29333]
C  [KERNEL32.DLL+0x1259d]
C  [ntdll.dll+0x5af38]


---------------  P R O C E S S  ---------------

Threads class SMR info:
_java_thread_list=0x00000204e486c3a0, length=18, elements={
0x0000020480d41a00, 0x00000204e40084c0, 0x00000204e40092d0, 0x00000204e400c0f0,
0x00000204e400dcb0, 0x00000204e400e700, 0x00000204e400f150, 0x00000204e4014b10,
0x00000204e40159a0, 0x00000204e4092b40, 0x00000204e41cc210, 0x00000204e41cca30,
0x00000204e48505b0, 0x00000204e494ce30, 0x00000204e4a1f240, 0x00000204e48d2eb0,
0x00000204e48fb970, 0x00000204e48fd080
}

Java Threads: ( => current thread )
  0x0000020480d41a00 JavaThread "main"                              [_thread_blocked, id=17804, stack(0x0000008701600000,0x0000008701700000) (1024K)]
  0x00000204e40084c0 JavaThread "Reference Handler"          daemon [_thread_blocked, id=16816, stack(0x0000008701e00000,0x0000008701f00000) (1024K)]
  0x00000204e40092d0 JavaThread "Finalizer"                  daemon [_thread_blocked, id=11076, stack(0x0000008701f00000,0x0000008702000000) (1024K)]
  0x00000204e400c0f0 JavaThread "Signal Dispatcher"          daemon [_thread_blocked, id=9948, stack(0x0000008702000000,0x0000008702100000) (1024K)]
  0x00000204e400dcb0 JavaThread "Attach Listener"            daemon [_thread_blocked, id=1988, stack(0x0000008702100000,0x0000008702200000) (1024K)]
  0x00000204e400e700 JavaThread "Service Thread"             daemon [_thread_blocked, id=2984, stack(0x0000008702200000,0x0000008702300000) (1024K)]
  0x00000204e400f150 JavaThread "Monitor Deflation Thread"   daemon [_thread_blocked, id=20800, stack(0x0000008702300000,0x0000008702400000) (1024K)]
=>0x00000204e4014b10 JavaThread "C2 CompilerThread0"         daemon [_thread_in_native, id=23828, stack(0x0000008702400000,0x0000008702500000) (1024K)]
  0x00000204e40159a0 JavaThread "C1 CompilerThread0"         daemon [_thread_blocked, id=24284, stack(0x0000008702500000,0x0000008702600000) (1024K)]
  0x00000204e4092b40 JavaThread "C1 CompilerThread1"         daemon [_thread_blocked, id=26348, stack(0x0000008702600000,0x0000008702700000) (1024K)]
  0x00000204e41cc210 JavaThread "Notification Thread"        daemon [_thread_blocked, id=13860, stack(0x0000008702700000,0x0000008702800000) (1024K)]
  0x00000204e41cca30 JavaThread "Common-Cleaner"             daemon [_thread_blocked, id=16744, stack(0x0000008702800000,0x0000008702900000) (1024K)]
  0x00000204e48505b0 JavaThread "HttpClient-1-SelectorManager" daemon [_thread_in_native, id=22188, stack(0x0000008702900000,0x0000008702a00000) (1024K)]
  0x00000204e494ce30 JavaThread "HttpClient-1-Worker-0"      daemon [_thread_blocked, id=16260, stack(0x0000008702b00000,0x0000008702c00000) (1024K)]
  0x00000204e4a1f240 JavaThread "HttpClient-1-Worker-1"      daemon [_thread_blocked, id=26264, stack(0x0000008702c00000,0x0000008702d00000) (1024K)]
  0x00000204e48d2eb0 JavaThread "C2 CompilerThread1"         daemon [_thread_blocked, id=6420, stack(0x0000008702d00000,0x0000008702e00000) (1024K)]
  0x00000204e48fb970 JavaThread "C2 CompilerThread2"         daemon [_thread_blocked, id=18784, stack(0x0000008702e00000,0x0000008702f00000) (1024K)]
  0x00000204e48fd080 JavaThread "C2 CompilerThread3"         daemon [_thread_blocked, id=17980, stack(0x0000008702f00000,0x0000008703000000) (1024K)]
Total: 18

Other Threads:
  0x000002049e8e7f90 VMThread "VM Thread"                           [id=25272, stack(0x0000008701d00000,0x0000008701e00000) (1024K)]
  0x000002049e8d2f40 WatcherThread "VM Periodic Task Thread"        [id=12052, stack(0x0000008701c00000,0x0000008701d00000) (1024K)]
  0x00000204830b3a00 WorkerThread "GC Thread#0"                     [id=18304, stack(0x0000008701700000,0x0000008701800000) (1024K)]
  0x00000204830c44b0 ConcurrentGCThread "G1 Main Marker"            [id=1952, stack(0x0000008701800000,0x0000008701900000) (1024K)]
  0x00000204830c5070 WorkerThread "G1 Conc#0"                       [id=26244, stack(0x0000008701900000,0x0000008701a00000) (1024K)]
  0x000002049e7a68b0 ConcurrentGCThread "G1 Refine#0"               [id=18148, stack(0x0000008701a00000,0x0000008701b00000) (1024K)]
  0x000002049e7a7230 ConcurrentGCThread "G1 Service"                [id=24108, stack(0x0000008701b00000,0x0000008701c00000) (1024K)]
Total: 7

Threads with active compile tasks:
C2 CompilerThread0  506 1141       4       sun.security.ec.ECOperations::setDouble (463 bytes)
Total: 1

VM state: not at safepoint (normal execution)

VM Mutex/Monitor currently owned by a thread: None

Heap address: 0x0000000704400000, size: 4028 MB, Compressed Oops mode: Zero based, Oop shift amount: 3

CDS archive(s) mapped at: [0x000002049f000000-0x000002049fd00000-0x000002049fd00000), size 13631488, SharedBaseAddress: 0x000002049f000000, ArchiveRelocationMode: 1.
Compressed class space mapped at: 0x00000204a0000000-0x00000204e0000000, reserved size: 1073741824
Narrow klass base: 0x000002049f000000, Narrow klass shift: 0, Narrow klass range: 0x100000000

GC Precious Log:
 CardTable entry size: 512
 Card Set container configuration: InlinePtr #cards 4 size 8 Array Of Cards #cards 16 size 48 Howl #buckets 8 coarsen threshold 3686 Howl Bitmap #cards 512 size 80 coarsen threshold 460 Card regions per heap region 1 cards per card region 4096
 CPUs: 20 total, 20 available
 Memory: 16110M
 Large Page Support: Disabled
 NUMA Support: Disabled
 Compressed Oops: Enabled (Zero based)
 Heap Region Size: 2M
 Heap Min Capacity: 8M
 Heap Initial Capacity: 252M
 Heap Max Capacity: 4028M
 Pre-touch: Disabled
 Parallel Workers: 15
 Concurrent Workers: 4
 Concurrent Refinement Workers: 15
 Periodic GC: Disabled

Heap:
 garbage-first heap   total 258048K, used 16384K [0x0000000704400000, 0x0000000800000000)
  region size 2048K, 9 young (18432K), 0 survivors (0K)
 Metaspace       used 9566K, committed 9792K, reserved 1114112K
  class space    used 1100K, committed 1216K, reserved 1048576K

Heap Regions: E=young(eden), S=young(survivor), O=old, HS=humongous(starts), HC=humongous(continues), CS=collection set, F=free, TAMS=top-at-mark-start, PB=parsable bottom
|   0|0x0000000704400000, 0x0000000704400000, 0x0000000704600000|  0%| F|  |TAMS 0x0000000704400000| PB 0x0000000704400000| Untracked 
|   1|0x0000000704600000, 0x0000000704600000, 0x0000000704800000|  0%| F|  |TAMS 0x0000000704600000| PB 0x0000000704600000| Untracked 
|   2|0x0000000704800000, 0x0000000704800000, 0x0000000704a00000|  0%| F|  |TAMS 0x0000000704800000| PB 0x0000000704800000| Untracked 
|   3|0x0000000704a00000, 0x0000000704a00000, 0x0000000704c00000|  0%| F|  |TAMS 0x0000000704a00000| PB 0x0000000704a00000| Untracked 
|   4|0x0000000704c00000, 0x0000000704c00000, 0x0000000704e00000|  0%| F|  |TAMS 0x0000000704c00000| PB 0x0000000704c00000| Untracked 
|   5|0x0000000704e00000, 0x0000000704e00000, 0x0000000705000000|  0%| F|  |TAMS 0x0000000704e00000| PB 0x0000000704e00000| Untracked 
|   6|0x0000000705000000, 0x0000000705000000, 0x0000000705200000|  0%| F|  |TAMS 0x0000000705000000| PB 0x0000000705000000| Untracked 
|   7|0x0000000705200000, 0x0000000705200000, 0x0000000705400000|  0%| F|  |TAMS 0x0000000705200000| PB 0x0000000705200000| Untracked 
|   8|0x0000000705400000, 0x0000000705400000, 0x0000000705600000|  0%| F|  |TAMS 0x0000000705400000| PB 0x0000000705400000| Untracked 
|   9|0x0000000705600000, 0x0000000705600000, 0x0000000705800000|  0%| F|  |TAMS 0x0000000705600000| PB 0x0000000705600000| Untracked 
|  10|0x0000000705800000, 0x0000000705800000, 0x0000000705a00000|  0%| F|  |TAMS 0x0000000705800000| PB 0x0000000705800000| Untracked 
|  11|0x0000000705a00000, 0x0000000705a00000, 0x0000000705c00000|  0%| F|  |TAMS 0x0000000705a00000| PB 0x0000000705a00000| Untracked 
|  12|0x0000000705c00000, 0x0000000705c00000, 0x0000000705e00000|  0%| F|  |TAMS 0x0000000705c00000| PB 0x0000000705c00000| Untracked 
|  13|0x0000000705e00000, 0x0000000705e00000, 0x0000000706000000|  0%| F|  |TAMS 0x0000000705e00000| PB 0x0000000705e00000| Untracked 
|  14|0x0000000706000000, 0x0000000706000000, 0x0000000706200000|  0%| F|  |TAMS 0x0000000706000000| PB 0x0000000706000000| Untracked 
|  15|0x0000000706200000, 0x0000000706200000, 0x0000000706400000|  0%| F|  |TAMS 0x0000000706200000| PB 0x0000000706200000| Untracked 
|  16|0x0000000706400000, 0x0000000706400000, 0x0000000706600000|  0%| F|  |TAMS 0x0000000706400000| PB 0x0000000706400000| Untracked 
|  17|0x0000000706600000, 0x0000000706600000, 0x0000000706800000|  0%| F|  |TAMS 0x0000000706600000| PB 0x0000000706600000| Untracked 
|  18|0x0000000706800000, 0x0000000706800000, 0x0000000706a00000|  0%| F|  |TAMS 0x0000000706800000| PB 0x0000000706800000| Untracked 
|  19|0x0000000706a00000, 0x0000000706a00000, 0x0000000706c00000|  0%| F|  |TAMS 0x0000000706a00000| PB 0x0000000706a00000| Untracked 
|  20|0x0000000706c00000, 0x0000000706c00000, 0x0000000706e00000|  0%| F|  |TAMS 0x0000000706c00000| PB 0x0000000706c00000| Untracked 
|  21|0x0000000706e00000, 0x0000000706e00000, 0x0000000707000000|  0%| F|  |TAMS 0x0000000706e00000| PB 0x0000000706e00000| Untracked 
|  22|0x0000000707000000, 0x0000000707000000, 0x0000000707200000|  0%| F|  |TAMS 0x0000000707000000| PB 0x0000000707000000| Untracked 
|  23|0x0000000707200000, 0x0000000707200000, 0x0000000707400000|  0%| F|  |TAMS 0x0000000707200000| PB 0x0000000707200000| Untracked 
|  24|0x0000000707400000, 0x0000000707400000, 0x0000000707600000|  0%| F|  |TAMS 0x0000000707400000| PB 0x0000000707400000| Untracked 
|  25|0x0000000707600000, 0x0000000707600000, 0x0000000707800000|  0%| F|  |TAMS 0x0000000707600000| PB 0x0000000707600000| Untracked 
|  26|0x0000000707800000, 0x0000000707800000, 0x0000000707a00000|  0%| F|  |TAMS 0x0000000707800000| PB 0x0000000707800000| Untracked 
|  27|0x0000000707a00000, 0x0000000707a00000, 0x0000000707c00000|  0%| F|  |TAMS 0x0000000707a00000| PB 0x0000000707a00000| Untracked 
|  28|0x0000000707c00000, 0x0000000707c00000, 0x0000000707e00000|  0%| F|  |TAMS 0x0000000707c00000| PB 0x0000000707c00000| Untracked 
|  29|0x0000000707e00000, 0x0000000707e00000, 0x0000000708000000|  0%| F|  |TAMS 0x0000000707e00000| PB 0x0000000707e00000| Untracked 
|  30|0x0000000708000000, 0x0000000708000000, 0x0000000708200000|  0%| F|  |TAMS 0x0000000708000000| PB 0x0000000708000000| Untracked 
|  31|0x0000000708200000, 0x0000000708200000, 0x0000000708400000|  0%| F|  |TAMS 0x0000000708200000| PB 0x0000000708200000| Untracked 
|  32|0x0000000708400000, 0x0000000708400000, 0x0000000708600000|  0%| F|  |TAMS 0x0000000708400000| PB 0x0000000708400000| Untracked 
|  33|0x0000000708600000, 0x0000000708600000, 0x0000000708800000|  0%| F|  |TAMS 0x0000000708600000| PB 0x0000000708600000| Untracked 
|  34|0x0000000708800000, 0x0000000708800000, 0x0000000708a00000|  0%| F|  |TAMS 0x0000000708800000| PB 0x0000000708800000| Untracked 
|  35|0x0000000708a00000, 0x0000000708a00000, 0x0000000708c00000|  0%| F|  |TAMS 0x0000000708a00000| PB 0x0000000708a00000| Untracked 
|  36|0x0000000708c00000, 0x0000000708c00000, 0x0000000708e00000|  0%| F|  |TAMS 0x0000000708c00000| PB 0x0000000708c00000| Untracked 
|  37|0x0000000708e00000, 0x0000000708e00000, 0x0000000709000000|  0%| F|  |TAMS 0x0000000708e00000| PB 0x0000000708e00000| Untracked 
|  38|0x0000000709000000, 0x0000000709000000, 0x0000000709200000|  0%| F|  |TAMS 0x0000000709000000| PB 0x0000000709000000| Untracked 
|  39|0x0000000709200000, 0x0000000709200000, 0x0000000709400000|  0%| F|  |TAMS 0x0000000709200000| PB 0x0000000709200000| Untracked 
|  40|0x0000000709400000, 0x0000000709400000, 0x0000000709600000|  0%| F|  |TAMS 0x0000000709400000| PB 0x0000000709400000| Untracked 
|  41|0x0000000709600000, 0x0000000709600000, 0x0000000709800000|  0%| F|  |TAMS 0x0000000709600000| PB 0x0000000709600000| Untracked 
|  42|0x0000000709800000, 0x0000000709800000, 0x0000000709a00000|  0%| F|  |TAMS 0x0000000709800000| PB 0x0000000709800000| Untracked 
|  43|0x0000000709a00000, 0x0000000709a00000, 0x0000000709c00000|  0%| F|  |TAMS 0x0000000709a00000| PB 0x0000000709a00000| Untracked 
|  44|0x0000000709c00000, 0x0000000709c00000, 0x0000000709e00000|  0%| F|  |TAMS 0x0000000709c00000| PB 0x0000000709c00000| Untracked 
|  45|0x0000000709e00000, 0x0000000709e00000, 0x000000070a000000|  0%| F|  |TAMS 0x0000000709e00000| PB 0x0000000709e00000| Untracked 
|  46|0x000000070a000000, 0x000000070a000000, 0x000000070a200000|  0%| F|  |TAMS 0x000000070a000000| PB 0x000000070a000000| Untracked 
|  47|0x000000070a200000, 0x000000070a200000, 0x000000070a400000|  0%| F|  |TAMS 0x000000070a200000| PB 0x000000070a200000| Untracked 
|  48|0x000000070a400000, 0x000000070a400000, 0x000000070a600000|  0%| F|  |TAMS 0x000000070a400000| PB 0x000000070a400000| Untracked 
|  49|0x000000070a600000, 0x000000070a600000, 0x000000070a800000|  0%| F|  |TAMS 0x000000070a600000| PB 0x000000070a600000| Untracked 
|  50|0x000000070a800000, 0x000000070a800000, 0x000000070aa00000|  0%| F|  |TAMS 0x000000070a800000| PB 0x000000070a800000| Untracked 
|  51|0x000000070aa00000, 0x000000070aa00000, 0x000000070ac00000|  0%| F|  |TAMS 0x000000070aa00000| PB 0x000000070aa00000| Untracked 
|  52|0x000000070ac00000, 0x000000070ac00000, 0x000000070ae00000|  0%| F|  |TAMS 0x000000070ac00000| PB 0x000000070ac00000| Untracked 
|  53|0x000000070ae00000, 0x000000070ae00000, 0x000000070b000000|  0%| F|  |TAMS 0x000000070ae00000| PB 0x000000070ae00000| Untracked 
|  54|0x000000070b000000, 0x000000070b000000, 0x000000070b200000|  0%| F|  |TAMS 0x000000070b000000| PB 0x000000070b000000| Untracked 
|  55|0x000000070b200000, 0x000000070b200000, 0x000000070b400000|  0%| F|  |TAMS 0x000000070b200000| PB 0x000000070b200000| Untracked 
|  56|0x000000070b400000, 0x000000070b400000, 0x000000070b600000|  0%| F|  |TAMS 0x000000070b400000| PB 0x000000070b400000| Untracked 
|  57|0x000000070b600000, 0x000000070b600000, 0x000000070b800000|  0%| F|  |TAMS 0x000000070b600000| PB 0x000000070b600000| Untracked 
|  58|0x000000070b800000, 0x000000070b800000, 0x000000070ba00000|  0%| F|  |TAMS 0x000000070b800000| PB 0x000000070b800000| Untracked 
|  59|0x000000070ba00000, 0x000000070ba00000, 0x000000070bc00000|  0%| F|  |TAMS 0x000000070ba00000| PB 0x000000070ba00000| Untracked 
|  60|0x000000070bc00000, 0x000000070bc00000, 0x000000070be00000|  0%| F|  |TAMS 0x000000070bc00000| PB 0x000000070bc00000| Untracked 
|  61|0x000000070be00000, 0x000000070be00000, 0x000000070c000000|  0%| F|  |TAMS 0x000000070be00000| PB 0x000000070be00000| Untracked 
|  62|0x000000070c000000, 0x000000070c000000, 0x000000070c200000|  0%| F|  |TAMS 0x000000070c000000| PB 0x000000070c000000| Untracked 
|  63|0x000000070c200000, 0x000000070c200000, 0x000000070c400000|  0%| F|  |TAMS 0x000000070c200000| PB 0x000000070c200000| Untracked 
|  64|0x000000070c400000, 0x000000070c400000, 0x000000070c600000|  0%| F|  |TAMS 0x000000070c400000| PB 0x000000070c400000| Untracked 
|  65|0x000000070c600000, 0x000000070c600000, 0x000000070c800000|  0%| F|  |TAMS 0x000000070c600000| PB 0x000000070c600000| Untracked 
|  66|0x000000070c800000, 0x000000070c800000, 0x000000070ca00000|  0%| F|  |TAMS 0x000000070c800000| PB 0x000000070c800000| Untracked 
|  67|0x000000070ca00000, 0x000000070ca00000, 0x000000070cc00000|  0%| F|  |TAMS 0x000000070ca00000| PB 0x000000070ca00000| Untracked 
|  68|0x000000070cc00000, 0x000000070cc00000, 0x000000070ce00000|  0%| F|  |TAMS 0x000000070cc00000| PB 0x000000070cc00000| Untracked 
|  69|0x000000070ce00000, 0x000000070ce00000, 0x000000070d000000|  0%| F|  |TAMS 0x000000070ce00000| PB 0x000000070ce00000| Untracked 
|  70|0x000000070d000000, 0x000000070d000000, 0x000000070d200000|  0%| F|  |TAMS 0x000000070d000000| PB 0x000000070d000000| Untracked 
|  71|0x000000070d200000, 0x000000070d200000, 0x000000070d400000|  0%| F|  |TAMS 0x000000070d200000| PB 0x000000070d200000| Untracked 
|  72|0x000000070d400000, 0x000000070d400000, 0x000000070d600000|  0%| F|  |TAMS 0x000000070d400000| PB 0x000000070d400000| Untracked 
|  73|0x000000070d600000, 0x000000070d600000, 0x000000070d800000|  0%| F|  |TAMS 0x000000070d600000| PB 0x000000070d600000| Untracked 
|  74|0x000000070d800000, 0x000000070d800000, 0x000000070da00000|  0%| F|  |TAMS 0x000000070d800000| PB 0x000000070d800000| Untracked 
|  75|0x000000070da00000, 0x000000070da00000, 0x000000070dc00000|  0%| F|  |TAMS 0x000000070da00000| PB 0x000000070da00000| Untracked 
|  76|0x000000070dc00000, 0x000000070dc00000, 0x000000070de00000|  0%| F|  |TAMS 0x000000070dc00000| PB 0x000000070dc00000| Untracked 
|  77|0x000000070de00000, 0x000000070de00000, 0x000000070e000000|  0%| F|  |TAMS 0x000000070de00000| PB 0x000000070de00000| Untracked 
|  78|0x000000070e000000, 0x000000070e000000, 0x000000070e200000|  0%| F|  |TAMS 0x000000070e000000| PB 0x000000070e000000| Untracked 
|  79|0x000000070e200000, 0x000000070e200000, 0x000000070e400000|  0%| F|  |TAMS 0x000000070e200000| PB 0x000000070e200000| Untracked 
|  80|0x000000070e400000, 0x000000070e400000, 0x000000070e600000|  0%| F|  |TAMS 0x000000070e400000| PB 0x000000070e400000| Untracked 
|  81|0x000000070e600000, 0x000000070e600000, 0x000000070e800000|  0%| F|  |TAMS 0x000000070e600000| PB 0x000000070e600000| Untracked 
|  82|0x000000070e800000, 0x000000070e800000, 0x000000070ea00000|  0%| F|  |TAMS 0x000000070e800000| PB 0x000000070e800000| Untracked 
|  83|0x000000070ea00000, 0x000000070ea00000, 0x000000070ec00000|  0%| F|  |TAMS 0x000000070ea00000| PB 0x000000070ea00000| Untracked 
|  84|0x000000070ec00000, 0x000000070ec00000, 0x000000070ee00000|  0%| F|  |TAMS 0x000000070ec00000| PB 0x000000070ec00000| Untracked 
|  85|0x000000070ee00000, 0x000000070ee00000, 0x000000070f000000|  0%| F|  |TAMS 0x000000070ee00000| PB 0x000000070ee00000| Untracked 
|  86|0x000000070f000000, 0x000000070f000000, 0x000000070f200000|  0%| F|  |TAMS 0x000000070f000000| PB 0x000000070f000000| Untracked 
|  87|0x000000070f200000, 0x000000070f200000, 0x000000070f400000|  0%| F|  |TAMS 0x000000070f200000| PB 0x000000070f200000| Untracked 
|  88|0x000000070f400000, 0x000000070f400000, 0x000000070f600000|  0%| F|  |TAMS 0x000000070f400000| PB 0x000000070f400000| Untracked 
|  89|0x000000070f600000, 0x000000070f600000, 0x000000070f800000|  0%| F|  |TAMS 0x000000070f600000| PB 0x000000070f600000| Untracked 
|  90|0x000000070f800000, 0x000000070f800000, 0x000000070fa00000|  0%| F|  |TAMS 0x000000070f800000| PB 0x000000070f800000| Untracked 
|  91|0x000000070fa00000, 0x000000070fa00000, 0x000000070fc00000|  0%| F|  |TAMS 0x000000070fa00000| PB 0x000000070fa00000| Untracked 
|  92|0x000000070fc00000, 0x000000070fc00000, 0x000000070fe00000|  0%| F|  |TAMS 0x000000070fc00000| PB 0x000000070fc00000| Untracked 
|  93|0x000000070fe00000, 0x000000070fe00000, 0x0000000710000000|  0%| F|  |TAMS 0x000000070fe00000| PB 0x000000070fe00000| Untracked 
|  94|0x0000000710000000, 0x0000000710000000, 0x0000000710200000|  0%| F|  |TAMS 0x0000000710000000| PB 0x0000000710000000| Untracked 
|  95|0x0000000710200000, 0x0000000710200000, 0x0000000710400000|  0%| F|  |TAMS 0x0000000710200000| PB 0x0000000710200000| Untracked 
|  96|0x0000000710400000, 0x0000000710400000, 0x0000000710600000|  0%| F|  |TAMS 0x0000000710400000| PB 0x0000000710400000| Untracked 
|  97|0x0000000710600000, 0x0000000710600000, 0x0000000710800000|  0%| F|  |TAMS 0x0000000710600000| PB 0x0000000710600000| Untracked 
|  98|0x0000000710800000, 0x0000000710800000, 0x0000000710a00000|  0%| F|  |TAMS 0x0000000710800000| PB 0x0000000710800000| Untracked 
|  99|0x0000000710a00000, 0x0000000710a00000, 0x0000000710c00000|  0%| F|  |TAMS 0x0000000710a00000| PB 0x0000000710a00000| Untracked 
| 100|0x0000000710c00000, 0x0000000710c00000, 0x0000000710e00000|  0%| F|  |TAMS 0x0000000710c00000| PB 0x0000000710c00000| Untracked 
| 101|0x0000000710e00000, 0x0000000710e00000, 0x0000000711000000|  0%| F|  |TAMS 0x0000000710e00000| PB 0x0000000710e00000| Untracked 
| 102|0x0000000711000000, 0x0000000711000000, 0x0000000711200000|  0%| F|  |TAMS 0x0000000711000000| PB 0x0000000711000000| Untracked 
| 103|0x0000000711200000, 0x0000000711200000, 0x0000000711400000|  0%| F|  |TAMS 0x0000000711200000| PB 0x0000000711200000| Untracked 
| 104|0x0000000711400000, 0x0000000711400000, 0x0000000711600000|  0%| F|  |TAMS 0x0000000711400000| PB 0x0000000711400000| Untracked 
| 105|0x0000000711600000, 0x0000000711600000, 0x0000000711800000|  0%| F|  |TAMS 0x0000000711600000| PB 0x0000000711600000| Untracked 
| 106|0x0000000711800000, 0x0000000711800000, 0x0000000711a00000|  0%| F|  |TAMS 0x0000000711800000| PB 0x0000000711800000| Untracked 
| 107|0x0000000711a00000, 0x0000000711a00000, 0x0000000711c00000|  0%| F|  |TAMS 0x0000000711a00000| PB 0x0000000711a00000| Untracked 
| 108|0x0000000711c00000, 0x0000000711c00000, 0x0000000711e00000|  0%| F|  |TAMS 0x0000000711c00000| PB 0x0000000711c00000| Untracked 
| 109|0x0000000711e00000, 0x0000000711e00000, 0x0000000712000000|  0%| F|  |TAMS 0x0000000711e00000| PB 0x0000000711e00000| Untracked 
| 110|0x0000000712000000, 0x0000000712000000, 0x0000000712200000|  0%| F|  |TAMS 0x0000000712000000| PB 0x0000000712000000| Untracked 
| 111|0x0000000712200000, 0x0000000712200000, 0x0000000712400000|  0%| F|  |TAMS 0x0000000712200000| PB 0x0000000712200000| Untracked 
| 112|0x0000000712400000, 0x0000000712400000, 0x0000000712600000|  0%| F|  |TAMS 0x0000000712400000| PB 0x0000000712400000| Untracked 
| 113|0x0000000712600000, 0x0000000712600000, 0x0000000712800000|  0%| F|  |TAMS 0x0000000712600000| PB 0x0000000712600000| Untracked 
| 114|0x0000000712800000, 0x0000000712800000, 0x0000000712a00000|  0%| F|  |TAMS 0x0000000712800000| PB 0x0000000712800000| Untracked 
| 115|0x0000000712a00000, 0x0000000712a00000, 0x0000000712c00000|  0%| F|  |TAMS 0x0000000712a00000| PB 0x0000000712a00000| Untracked 
| 116|0x0000000712c00000, 0x0000000712c00000, 0x0000000712e00000|  0%| F|  |TAMS 0x0000000712c00000| PB 0x0000000712c00000| Untracked 
| 117|0x0000000712e00000, 0x0000000712f5ae28, 0x0000000713000000| 67%| E|  |TAMS 0x0000000712e00000| PB 0x0000000712e00000| Complete 
| 118|0x0000000713000000, 0x0000000713200000, 0x0000000713200000|100%| E|CS|TAMS 0x0000000713000000| PB 0x0000000713000000| Complete 
| 119|0x0000000713200000, 0x0000000713400000, 0x0000000713400000|100%| E|CS|TAMS 0x0000000713200000| PB 0x0000000713200000| Complete 
| 120|0x0000000713400000, 0x0000000713600000, 0x0000000713600000|100%| E|CS|TAMS 0x0000000713400000| PB 0x0000000713400000| Complete 
| 121|0x0000000713600000, 0x0000000713800000, 0x0000000713800000|100%| E|CS|TAMS 0x0000000713600000| PB 0x0000000713600000| Complete 
| 122|0x0000000713800000, 0x0000000713a00000, 0x0000000713a00000|100%| E|CS|TAMS 0x0000000713800000| PB 0x0000000713800000| Complete 
| 123|0x0000000713a00000, 0x0000000713c00000, 0x0000000713c00000|100%| E|CS|TAMS 0x0000000713a00000| PB 0x0000000713a00000| Complete 
| 124|0x0000000713c00000, 0x0000000713e00000, 0x0000000713e00000|100%| E|CS|TAMS 0x0000000713c00000| PB 0x0000000713c00000| Complete 
| 125|0x0000000713e00000, 0x0000000714000000, 0x0000000714000000|100%| E|CS|TAMS 0x0000000713e00000| PB 0x0000000713e00000| Complete 

Card table byte_map: [0x0000020497270000,0x0000020497a50000] _byte_map_base: 0x0000020493a4e000

Marking Bits: (CMBitMap*) 0x00000204830b4010
 Bits: [0x0000020497a50000, 0x000002049b940000)

Polling page: 0x0000020480fc0000

Metaspace:

Usage:
  Non-class:      8.27 MB used.
      Class:      1.07 MB used.
       Both:      9.34 MB used.

Virtual space:
  Non-class space:       64.00 MB reserved,       8.38 MB ( 13%) committed,  1 nodes.
      Class space:        1.00 GB reserved,       1.19 MB ( <1%) committed,  1 nodes.
             Both:        1.06 GB reserved,       9.56 MB ( <1%) committed. 

Chunk freelists:
   Non-Class:  6.76 MB
       Class:  14.66 MB
        Both:  21.42 MB

MaxMetaspaceSize: unlimited
CompressedClassSpaceSize: 1.00 GB
Initial GC threshold: 21.00 MB
Current GC threshold: 21.00 MB
CDS: on
 - commit_granule_bytes: 65536.
 - commit_granule_words: 8192.
 - virtual_space_node_default_size: 8388608.
 - enlarge_chunks_in_place: 1.
 - use_allocation_guard: 0.


Internal statistics:

num_allocs_failed_limit: 0.
num_arena_births: 268.
num_arena_deaths: 0.
num_vsnodes_births: 2.
num_vsnodes_deaths: 0.
num_space_committed: 153.
num_space_uncommitted: 0.
num_chunks_returned_to_freelist: 0.
num_chunks_taken_from_freelist: 450.
num_chunk_merges: 0.
num_chunk_splits: 262.
num_chunks_enlarged: 127.
num_inconsistent_stats: 0.

CodeHeap 'non-profiled nmethods': size=119168Kb used=420Kb max_used=420Kb free=118747Kb
 bounds [0x000002048eb80000, 0x000002048edf0000, 0x0000020495fe0000]
CodeHeap 'profiled nmethods': size=119104Kb used=2207Kb max_used=2207Kb free=116896Kb
 bounds [0x0000020486fe0000, 0x0000020487250000, 0x000002048e430000]
CodeHeap 'non-nmethods': size=7488Kb used=1996Kb max_used=2029Kb free=5491Kb
 bounds [0x000002048e430000, 0x000002048e6a0000, 0x000002048eb80000]
 total_blobs=1831 nmethods=1313 adapters=422
 compilation: enabled
              stopped_count=0, restarted_count=0
 full_count=0

Compilation events (20 events):
Event: 0.470 Thread 0x00000204e4092b40 1248       3       java.util.concurrent.locks.AbstractQueuedSynchronizer::signalNext (34 bytes)
Event: 0.470 Thread 0x00000204e4092b40 nmethod 1248 0x00000204871e3090 code [0x00000204871e3280, 0x00000204871e3710]
Event: 0.470 Thread 0x00000204e40159a0 1249       3       java.nio.MappedByteBuffer::limit (6 bytes)
Event: 0.470 Thread 0x00000204e4092b40 1250       1       java.util.concurrent.atomic.AtomicInteger::get (5 bytes)
Event: 0.470 Thread 0x00000204e40159a0 nmethod 1249 0x00000204871e3890 code [0x00000204871e3a40, 0x00000204871e3c50]
Event: 0.471 Thread 0x00000204e4092b40 nmethod 1250 0x000002048ebe6a90 code [0x000002048ebe6c20, 0x000002048ebe6ce8]
Event: 0.471 Thread 0x00000204e4092b40 1251       3       java.nio.ByteBuffer::get (9 bytes)
Event: 0.472 Thread 0x00000204e4092b40 nmethod 1251 0x00000204871e3d90 code [0x00000204871e3f40, 0x00000204871e4120]
Event: 0.472 Thread 0x00000204e4092b40 1252       1       sun.security.provider.DigestBase::engineGetDigestLength (5 bytes)
Event: 0.472 Thread 0x00000204e4092b40 nmethod 1252 0x000002048ebe6d90 code [0x000002048ebe6f20, 0x000002048ebe6fe8]
Event: 0.487 Thread 0x00000204e4092b40 1253       3       com.sun.crypto.provider.GHASH::blockMult (245 bytes)
Event: 0.487 Thread 0x00000204e40159a0 1254       3       java.lang.invoke.VarHandleByteArrayAsLongs$ArrayHandle::index (13 bytes)
Event: 0.487 Thread 0x00000204e40159a0 nmethod 1254 0x00000204871e4210 code [0x00000204871e43c0, 0x00000204871e4508]
Event: 0.487 Thread 0x00000204e4092b40 nmethod 1253 0x00000204871e4610 code [0x00000204871e47e0, 0x00000204871e4c10]
Event: 0.487 Thread 0x00000204e40159a0 1255       3       java.lang.Long::reverseBytes (46 bytes)
Event: 0.487 Thread 0x00000204e40159a0 nmethod 1255 0x00000204871e4e90 code [0x00000204871e5020, 0x00000204871e5178]
Event: 0.488 Thread 0x00000204e4092b40 1256       3       java.nio.Buffer::hasRemaining (17 bytes)
Event: 0.488 Thread 0x00000204e40159a0 1257       3       jdk.internal.net.http.Http1HeaderParser::get (10 bytes)
Event: 0.488 Thread 0x00000204e4092b40 nmethod 1256 0x00000204871e5210 code [0x00000204871e53a0, 0x00000204871e5508]
Event: 0.488 Thread 0x00000204e40159a0 nmethod 1257 0x00000204871e5590 code [0x00000204871e5740, 0x00000204871e5920]

GC Heap History (0 events):
No events

Dll operation events (2 events):
Event: 0.005 Loaded shared library C:\Program Files\JetBrains\WebStorm 2024.3\jbr\bin\java.dll
Event: 0.025 Loaded shared library C:\Program Files\JetBrains\WebStorm 2024.3\jbr\bin\zip.dll

Deoptimization events (20 events):
Event: 0.423 Thread 0x00000204e494ce30 Uncommon trap: trap_request=0xffffff66 fr.pc=0x000002048ebda074 relative=0x0000000000000314
Event: 0.423 Thread 0x00000204e494ce30 Uncommon trap: reason=speculate_class_check action=maybe_recompile pc=0x000002048ebda074 method=sun.security.util.math.intpoly.IntegerPolynomial.multByInt([JJ)V @ 26 c2
Event: 0.423 Thread 0x00000204e494ce30 DEOPT PACKING pc=0x000002048ebda074 sp=0x0000008702bfe360
Event: 0.423 Thread 0x00000204e494ce30 DEOPT UNPACKING pc=0x000002048e4846a2 sp=0x0000008702bfe248 mode 2
Event: 0.423 Thread 0x00000204e494ce30 Uncommon trap: trap_request=0xffffff66 fr.pc=0x000002048ebda074 relative=0x0000000000000314
Event: 0.423 Thread 0x00000204e494ce30 Uncommon trap: reason=speculate_class_check action=maybe_recompile pc=0x000002048ebda074 method=sun.security.util.math.intpoly.IntegerPolynomial.multByInt([JJ)V @ 26 c2
Event: 0.423 Thread 0x00000204e494ce30 DEOPT PACKING pc=0x000002048ebda074 sp=0x0000008702bfe360
Event: 0.423 Thread 0x00000204e494ce30 DEOPT UNPACKING pc=0x000002048e4846a2 sp=0x0000008702bfe248 mode 2
Event: 0.423 Thread 0x00000204e494ce30 Uncommon trap: trap_request=0xffffff66 fr.pc=0x000002048ebd8974 relative=0x0000000000000314
Event: 0.423 Thread 0x00000204e494ce30 Uncommon trap: reason=speculate_class_check action=maybe_recompile pc=0x000002048ebd8974 method=sun.security.util.math.intpoly.IntegerPolynomial.multByInt([JJ)V @ 26 c2
Event: 0.423 Thread 0x00000204e494ce30 DEOPT PACKING pc=0x000002048ebd8974 sp=0x0000008702bfe2f0
Event: 0.423 Thread 0x00000204e494ce30 DEOPT UNPACKING pc=0x000002048e4846a2 sp=0x0000008702bfe240 mode 2
Event: 0.423 Thread 0x00000204e494ce30 Uncommon trap: trap_request=0xffffff66 fr.pc=0x000002048ebd8974 relative=0x0000000000000314
Event: 0.423 Thread 0x00000204e494ce30 Uncommon trap: reason=speculate_class_check action=maybe_recompile pc=0x000002048ebd8974 method=sun.security.util.math.intpoly.IntegerPolynomial.multByInt([JJ)V @ 26 c2
Event: 0.423 Thread 0x00000204e494ce30 DEOPT PACKING pc=0x000002048ebd8974 sp=0x0000008702bfe2f0
Event: 0.423 Thread 0x00000204e494ce30 DEOPT UNPACKING pc=0x000002048e4846a2 sp=0x0000008702bfe240 mode 2
Event: 0.470 Thread 0x00000204e48505b0 Uncommon trap: trap_request=0xffffff45 fr.pc=0x000002048ebd105c relative=0x0000000000000a1c
Event: 0.470 Thread 0x00000204e48505b0 Uncommon trap: reason=unstable_if action=reinterpret pc=0x000002048ebd105c method=java.util.HashMap.putVal(ILjava/lang/Object;Ljava/lang/Object;ZZ)Ljava/lang/Object; @ 81 c2
Event: 0.470 Thread 0x00000204e48505b0 DEOPT PACKING pc=0x000002048ebd105c sp=0x00000087029febe0
Event: 0.470 Thread 0x00000204e48505b0 DEOPT UNPACKING pc=0x000002048e4846a2 sp=0x00000087029febb0 mode 2

Classes loaded (20 events):
Event: 0.448 Loading class jdk/internal/event/TLSHandshakeEvent
Event: 0.448 Loading class jdk/internal/event/TLSHandshakeEvent done
Event: 0.448 Loading class com/sun/crypto/provider/GaloisCounterMode$GCMEncrypt
Event: 0.448 Loading class com/sun/crypto/provider/GaloisCounterMode$GCMEncrypt done
Event: 0.448 Loading class com/sun/crypto/provider/GaloisCounterMode$EncryptOp
Event: 0.448 Loading class com/sun/crypto/provider/GaloisCounterMode$EncryptOp done
Event: 0.448 Loading class sun/security/ssl/CipherSuite$1
Event: 0.449 Loading class sun/security/ssl/CipherSuite$1 done
Event: 0.450 Loading class java/util/concurrent/CompletionException
Event: 0.450 Loading class java/util/concurrent/CompletionException done
Event: 0.464 Loading class java/util/Collections$UnmodifiableMap$UnmodifiableEntrySet
Event: 0.465 Loading class java/util/Collections$UnmodifiableMap$UnmodifiableEntrySet done
Event: 0.465 Loading class java/util/Collections$UnmodifiableMap$UnmodifiableEntrySet$1
Event: 0.465 Loading class java/util/Collections$UnmodifiableMap$UnmodifiableEntrySet$1 done
Event: 0.465 Loading class java/util/Collections$UnmodifiableMap$UnmodifiableEntrySet$UnmodifiableEntry
Event: 0.465 Loading class java/util/Collections$UnmodifiableMap$UnmodifiableEntrySet$UnmodifiableEntry done
Event: 0.471 Loading class sun/security/ssl/NewSessionTicket$T13NewSessionTicketMessage
Event: 0.471 Loading class sun/security/ssl/NewSessionTicket$NewSessionTicketMessage
Event: 0.471 Loading class sun/security/ssl/NewSessionTicket$NewSessionTicketMessage done
Event: 0.471 Loading class sun/security/ssl/NewSessionTicket$T13NewSessionTicketMessage done

Classes unloaded (0 events):
No events

Classes redefined (0 events):
No events

Internal exceptions (20 events):
Event: 0.202 Thread 0x0000020480d41a00 Exception <a 'java/lang/NoSuchMethodError'{0x0000000713914b88}: 'int java.lang.invoke.DirectMethodHandle$Holder.invokeStaticInit(java.lang.Object, float, float)'> (0x0000000713914b88) 
thrown [s\src\hotspot\share\interpreter\linkResolver.cpp, line 784]
Event: 0.203 Thread 0x0000020480d41a00 Exception <a 'java/lang/NoSuchMethodError'{0x000000071391b618}: 'int java.lang.invoke.DirectMethodHandle$Holder.invokeStaticInit(java.lang.Object, double, double)'> (0x000000071391b618) 
thrown [s\src\hotspot\share\interpreter\linkResolver.cpp, line 784]
Event: 0.203 Thread 0x0000020480d41a00 Exception <a 'java/lang/NoSuchMethodError'{0x000000071391fdc8}: 'int java.lang.invoke.DirectMethodHandle$Holder.invokeStatic(java.lang.Object, long)'> (0x000000071391fdc8) 
thrown [s\src\hotspot\share\interpreter\linkResolver.cpp, line 784]
Event: 0.206 Thread 0x0000020480d41a00 Exception <a 'java/lang/NoSuchMethodError'{0x0000000713949818}: 'java.lang.Object java.lang.invoke.DirectMethodHandle$Holder.invokeSpecial(java.lang.Object, java.lang.Object, int, java.lang.Object, java.lang.Object)'> (0x0000000713949818) 
thrown [s\src\hotspot\share\interpreter\linkResolver.cpp, line 784]
Event: 0.207 Thread 0x0000020480d41a00 Exception <a 'java/lang/NoSuchMethodError'{0x000000071394d1a8}: 'java.lang.Object java.lang.invoke.DelegatingMethodHandle$Holder.delegate(java.lang.Object, int, java.lang.Object, java.lang.Object)'> (0x000000071394d1a8) 
thrown [s\src\hotspot\share\interpreter\linkResolver.cpp, line 784]
Event: 0.208 Thread 0x0000020480d41a00 Exception <a 'java/lang/NoSuchMethodError'{0x000000071395c4c8}: 'int java.lang.invoke.Invokers$Holder.linkToTargetMethod(java.lang.Object, java.lang.Object, java.lang.Object)'> (0x000000071395c4c8) 
thrown [s\src\hotspot\share\interpreter\linkResolver.cpp, line 784]
Event: 0.211 Thread 0x0000020480d41a00 Exception <a 'java/lang/NoSuchMethodError'{0x000000071398e610}: 'long java.lang.invoke.DirectMethodHandle$Holder.invokeSpecial(java.lang.Object, java.lang.Object)'> (0x000000071398e610) 
thrown [s\src\hotspot\share\interpreter\linkResolver.cpp, line 784]
Event: 0.212 Thread 0x0000020480d41a00 Exception <a 'java/lang/NoSuchMethodError'{0x0000000713994ee0}: 'int java.lang.invoke.DirectMethodHandle$Holder.invokeStatic(java.lang.Object, java.lang.Object, java.lang.Object, java.lang.Object)'> (0x0000000713994ee0) 
thrown [s\src\hotspot\share\interpreter\linkResolver.cpp, line 784]
Event: 0.213 Thread 0x0000020480d41a00 Exception <a 'java/lang/NoSuchMethodError'{0x0000000713998300}: 'java.lang.Object java.lang.invoke.Invokers$Holder.invokeExact_MT(java.lang.Object, java.lang.Object, java.lang.Object, java.lang.Object, java.lang.Object, java.lang.Object)'> (0x0000000713998300) 
thrown [s\src\hotspot\share\interpreter\linkResolver.cpp, line 784]
Event: 0.272 Thread 0x0000020480d41a00 Exception <a 'java/lang/NoSuchMethodError'{0x000000071373b918}: 'java.lang.Object java.lang.invoke.DirectMethodHandle$Holder.newInvokeSpecial(java.lang.Object, java.lang.Object, java.lang.Object, java.lang.Object, java.lang.Object)'> (0x000000071373b918) 
thrown [s\src\hotspot\share\interpreter\linkResolver.cpp, line 784]
Event: 0.299 Thread 0x0000020480d41a00 Exception <a 'java/lang/NoSuchMethodError'{0x0000000713534528}: 'java.lang.Object java.lang.invoke.DirectMethodHandle$Holder.invokeSpecial(java.lang.Object, java.lang.Object, java.lang.Object, java.lang.Object, int)'> (0x0000000713534528) 
thrown [s\src\hotspot\share\interpreter\linkResolver.cpp, line 784]
Event: 0.299 Thread 0x0000020480d41a00 Exception <a 'java/lang/NoSuchMethodError'{0x0000000713537e90}: 'java.lang.Object java.lang.invoke.Invokers$Holder.linkToTargetMethod(java.lang.Object, java.lang.Object, int, java.lang.Object)'> (0x0000000713537e90) 
thrown [s\src\hotspot\share\interpreter\linkResolver.cpp, line 784]
Event: 0.305 Thread 0x0000020480d41a00 Exception <a 'java/lang/NoSuchMethodError'{0x0000000713566188}: 'void java.lang.invoke.DirectMethodHandle$Holder.invokeSpecial(java.lang.Object, java.lang.Object, java.lang.Object)'> (0x0000000713566188) 
thrown [s\src\hotspot\share\interpreter\linkResolver.cpp, line 784]
Event: 0.315 Thread 0x00000204e48505b0 Exception <a 'java/lang/NoSuchMethodError'{0x0000000713773ad0}: 'void java.lang.invoke.DirectMethodHandle$Holder.invokeStatic(java.lang.Object, java.lang.Object, int)'> (0x0000000713773ad0) 
thrown [s\src\hotspot\share\interpreter\linkResolver.cpp, line 784]
Event: 0.316 Thread 0x0000020480d41a00 Exception <a 'java/lang/NoSuchMethodError'{0x00000007135f5b60}: 'void java.lang.invoke.DirectMethodHandle$Holder.invokeSpecial(java.lang.Object, java.lang.Object, java.lang.Object, java.lang.Object, java.lang.Object)'> (0x00000007135f5b60) 
thrown [s\src\hotspot\share\interpreter\linkResolver.cpp, line 784]
Event: 0.320 Thread 0x00000204e48505b0 Exception <a 'java/lang/NoSuchMethodError'{0x00000007137ad7c8}: 'void java.lang.invoke.DirectMethodHandle$Holder.invokeStatic(java.lang.Object, java.lang.Object)'> (0x00000007137ad7c8) 
thrown [s\src\hotspot\share\interpreter\linkResolver.cpp, line 784]
Event: 0.322 Thread 0x00000204e494ce30 Exception <a 'java/lang/NoSuchMethodError'{0x0000000713294be8}: 'void java.lang.invoke.DirectMethodHandle$Holder.invokeInterface(java.lang.Object, java.lang.Object, java.lang.Object)'> (0x0000000713294be8) 
thrown [s\src\hotspot\share\interpreter\linkResolver.cpp, line 784]
Event: 0.327 Thread 0x00000204e494ce30 Exception <a 'java/lang/NoSuchMethodError'{0x00000007132e6fd8}: 'void java.lang.invoke.DirectMethodHandle$Holder.invokeVirtual(java.lang.Object, java.lang.Object)'> (0x00000007132e6fd8) 
thrown [s\src\hotspot\share\interpreter\linkResolver.cpp, line 784]
Event: 0.417 Thread 0x00000204e494ce30 Exception <a 'java/lang/NoSuchMethodError'{0x00000007130f3e10}: 'void java.lang.invoke.DirectMethodHandle$Holder.invokeInterface(java.lang.Object, java.lang.Object)'> (0x00000007130f3e10) 
thrown [s\src\hotspot\share\interpreter\linkResolver.cpp, line 784]
Event: 0.449 Thread 0x00000204e494ce30 Exception <a 'java/lang/NoSuchMethodError'{0x000000071316b300}: 'void java.lang.invoke.DirectMethodHandle$Holder.invokeStatic(java.lang.Object, java.lang.Object, java.lang.Object, java.lang.Object)'> (0x000000071316b300) 
thrown [s\src\hotspot\share\interpreter\linkResolver.cpp, line 784]

ZGC Phase Switch (0 events):
No events

VM Operations (10 events):
Event: 0.047 Executing VM operation: HandshakeAllThreads (Deoptimize)
Event: 0.047 Executing VM operation: HandshakeAllThreads (Deoptimize) done
Event: 0.052 Executing VM operation: HandshakeAllThreads (Deoptimize)
Event: 0.052 Executing VM operation: HandshakeAllThreads (Deoptimize) done
Event: 0.162 Executing VM operation: HandshakeAllThreads (Deoptimize)
Event: 0.162 Executing VM operation: HandshakeAllThreads (Deoptimize) done
Event: 0.317 Executing VM operation: HandshakeAllThreads (Deoptimize)
Event: 0.317 Executing VM operation: HandshakeAllThreads (Deoptimize) done
Event: 0.458 Executing VM operation: ICBufferFull
Event: 0.458 Executing VM operation: ICBufferFull done

Memory protections (0 events):
No events

Nmethod flushes (0 events):
No events

Events (20 events):
Event: 0.027 Thread 0x0000020480d41a00 Thread added: 0x00000204e400dcb0
Event: 0.027 Thread 0x0000020480d41a00 Thread added: 0x00000204e400e700
Event: 0.027 Thread 0x0000020480d41a00 Thread added: 0x00000204e400f150
Event: 0.028 Thread 0x0000020480d41a00 Thread added: 0x00000204e4014b10
Event: 0.028 Thread 0x0000020480d41a00 Thread added: 0x00000204e40159a0
Event: 0.031 Thread 0x00000204e40159a0 Thread added: 0x00000204e4092b40
Event: 0.039 Thread 0x0000020480d41a00 Thread added: 0x00000204e41cc210
Event: 0.040 Thread 0x0000020480d41a00 Thread added: 0x00000204e41cca30
Event: 0.042 Loaded shared library C:\Program Files\JetBrains\WebStorm 2024.3\jbr\bin\net.dll
Event: 0.043 Loaded shared library C:\Program Files\JetBrains\WebStorm 2024.3\jbr\bin\nio.dll
Event: 0.045 Loaded shared library C:\Program Files\JetBrains\WebStorm 2024.3\jbr\bin\zip.dll
Event: 0.080 Loaded shared library C:\Program Files\JetBrains\WebStorm 2024.3\jbr\bin\jimage.dll
Event: 0.089 Loaded shared library C:\Program Files\JetBrains\WebStorm 2024.3\jbr\bin\sunmscapi.dll
Event: 0.264 Loaded shared library C:\Program Files\JetBrains\WebStorm 2024.3\jbr\bin\extnet.dll
Event: 0.268 Thread 0x0000020480d41a00 Thread added: 0x00000204e48505b0
Event: 0.319 Thread 0x00000204e48505b0 Thread added: 0x00000204e494ce30
Event: 0.332 Thread 0x00000204e48505b0 Thread added: 0x00000204e4a1f240
Event: 0.363 Thread 0x00000204e4014b10 Thread added: 0x00000204e48d2eb0
Event: 0.364 Thread 0x00000204e4092b40 Thread added: 0x00000204e48fb970
Event: 0.366 Thread 0x00000204e40159a0 Thread added: 0x00000204e48fd080


Dynamic libraries:
0x00007ff696d50000 - 0x00007ff696d5a000 	C:\Program Files\JetBrains\WebStorm 2024.3\jbr\bin\java.exe
0x00007ffb156b0000 - 0x00007ffb158c7000 	C:\WINDOWS\SYSTEM32\ntdll.dll
0x00007ffb14290000 - 0x00007ffb14354000 	C:\WINDOWS\System32\KERNEL32.DLL
0x00007ffb12a50000 - 0x00007ffb12e09000 	C:\WINDOWS\System32\KERNELBASE.dll
0x00007ffb13140000 - 0x00007ffb13251000 	C:\WINDOWS\System32\ucrtbase.dll
0x00007ffb0a530000 - 0x00007ffb0a54b000 	C:\Program Files\JetBrains\WebStorm 2024.3\jbr\bin\VCRUNTIME140.dll
0x00007ffb09290000 - 0x00007ffb092a8000 	C:\Program Files\JetBrains\WebStorm 2024.3\jbr\bin\jli.dll
0x00007ffb15310000 - 0x00007ffb154be000 	C:\WINDOWS\System32\USER32.dll
0x00007ffb12ff0000 - 0x00007ffb13016000 	C:\WINDOWS\System32\win32u.dll
0x00007ffb04950000 - 0x00007ffb04be2000 	C:\WINDOWS\WinSxS\amd64_microsoft.windows.common-controls_6595b64144ccf1df_6.0.22621.4391_none_2715d37f73803e96\COMCTL32.dll
0x00007ffb145e0000 - 0x00007ffb14609000 	C:\WINDOWS\System32\GDI32.dll
0x00007ffb14530000 - 0x00007ffb145d7000 	C:\WINDOWS\System32\msvcrt.dll
0x00007ffb13020000 - 0x00007ffb1313b000 	C:\WINDOWS\System32\gdi32full.dll
0x00007ffb12f50000 - 0x00007ffb12fea000 	C:\WINDOWS\System32\msvcp_win.dll
0x00007ffb13a50000 - 0x00007ffb13a81000 	C:\WINDOWS\System32\IMM32.DLL
0x00007ffb0a5c0000 - 0x00007ffb0a5cc000 	C:\Program Files\JetBrains\WebStorm 2024.3\jbr\bin\vcruntime140_1.dll
0x00007ffab23b0000 - 0x00007ffab243d000 	C:\Program Files\JetBrains\WebStorm 2024.3\jbr\bin\msvcp140.dll
0x00007ffa67520000 - 0x00007ffa682e1000 	C:\Program Files\JetBrains\WebStorm 2024.3\jbr\bin\server\jvm.dll
0x00007ffb14470000 - 0x00007ffb14522000 	C:\WINDOWS\System32\ADVAPI32.dll
0x00007ffb14360000 - 0x00007ffb14407000 	C:\WINDOWS\System32\sechost.dll
0x00007ffb12a20000 - 0x00007ffb12a48000 	C:\WINDOWS\System32\bcrypt.dll
0x00007ffb154c0000 - 0x00007ffb155d4000 	C:\WINDOWS\System32\RPCRT4.dll
0x00007ffb14200000 - 0x00007ffb14271000 	C:\WINDOWS\System32\WS2_32.dll
0x00007ffb12880000 - 0x00007ffb128cd000 	C:\WINDOWS\SYSTEM32\POWRPROF.dll
0x00007ffb0a310000 - 0x00007ffb0a344000 	C:\WINDOWS\SYSTEM32\WINMM.dll
0x00007ffafaba0000 - 0x00007ffafabaa000 	C:\WINDOWS\SYSTEM32\VERSION.dll
0x00007ffb12860000 - 0x00007ffb12873000 	C:\WINDOWS\SYSTEM32\UMPDC.dll
0x00007ffb11990000 - 0x00007ffb119a8000 	C:\WINDOWS\SYSTEM32\kernel.appcore.dll
0x00007ffb0a520000 - 0x00007ffb0a52a000 	C:\Program Files\JetBrains\WebStorm 2024.3\jbr\bin\jimage.dll
0x00007ffb10470000 - 0x00007ffb106a2000 	C:\WINDOWS\SYSTEM32\DBGHELP.DLL
0x00007ffb13ae0000 - 0x00007ffb13e6f000 	C:\WINDOWS\System32\combase.dll
0x00007ffb14720000 - 0x00007ffb147f7000 	C:\WINDOWS\System32\OLEAUT32.dll
0x00007ffb02d60000 - 0x00007ffb02d92000 	C:\WINDOWS\SYSTEM32\dbgcore.DLL
0x00007ffb12ed0000 - 0x00007ffb12f4b000 	C:\WINDOWS\System32\bcryptPrimitives.dll
0x00007ffb0a500000 - 0x00007ffb0a520000 	C:\Program Files\JetBrains\WebStorm 2024.3\jbr\bin\java.dll
0x00007ffb14920000 - 0x00007ffb15196000 	C:\WINDOWS\System32\SHELL32.dll
0x00007ffb108f0000 - 0x00007ffb111f3000 	C:\WINDOWS\SYSTEM32\windows.storage.dll
0x00007ffb107b0000 - 0x00007ffb108ef000 	C:\WINDOWS\SYSTEM32\wintypes.dll
0x00007ffb13440000 - 0x00007ffb13539000 	C:\WINDOWS\System32\SHCORE.dll
0x00007ffb14610000 - 0x00007ffb1466e000 	C:\WINDOWS\System32\shlwapi.dll
0x00007ffb128e0000 - 0x00007ffb1290b000 	C:\WINDOWS\SYSTEM32\profapi.dll
0x00007ffb09350000 - 0x00007ffb09368000 	C:\Program Files\JetBrains\WebStorm 2024.3\jbr\bin\zip.dll
0x00007ffb09bb0000 - 0x00007ffb09bc0000 	C:\Program Files\JetBrains\WebStorm 2024.3\jbr\bin\net.dll
0x00007ffb0bee0000 - 0x00007ffb0c016000 	C:\WINDOWS\SYSTEM32\WINHTTP.dll
0x00007ffb11e70000 - 0x00007ffb11ed9000 	C:\WINDOWS\system32\mswsock.dll
0x00007ffb09330000 - 0x00007ffb09346000 	C:\Program Files\JetBrains\WebStorm 2024.3\jbr\bin\nio.dll
0x00007ffb09310000 - 0x00007ffb0931e000 	C:\Program Files\JetBrains\WebStorm 2024.3\jbr\bin\sunmscapi.dll
0x00007ffb13260000 - 0x00007ffb133c6000 	C:\WINDOWS\System32\CRYPT32.dll
0x00007ffb12280000 - 0x00007ffb122ad000 	C:\WINDOWS\SYSTEM32\ncrypt.dll
0x00007ffb12240000 - 0x00007ffb12277000 	C:\WINDOWS\SYSTEM32\NTASN1.dll
0x00007ffb120d0000 - 0x00007ffb120eb000 	C:\WINDOWS\SYSTEM32\CRYPTSP.dll
0x00007ffb11950000 - 0x00007ffb11985000 	C:\WINDOWS\system32\rsaenh.dll
0x00007ffb11f60000 - 0x00007ffb11f88000 	C:\WINDOWS\SYSTEM32\USERENV.dll
0x00007ffb120c0000 - 0x00007ffb120cc000 	C:\WINDOWS\SYSTEM32\CRYPTBASE.dll
0x00007ffb11460000 - 0x00007ffb1148d000 	C:\WINDOWS\SYSTEM32\IPHLPAPI.DLL
0x00007ffb133d0000 - 0x00007ffb133d9000 	C:\WINDOWS\System32\NSI.dll
0x00007ffae22e0000 - 0x00007ffae22e8000 	C:\WINDOWS\system32\wshunix.dll
0x00007ffafc3b0000 - 0x00007ffafc3b9000 	C:\Program Files\JetBrains\WebStorm 2024.3\jbr\bin\extnet.dll

dbghelp: loaded successfully - version: 4.0.5 - missing functions: none
symbol engine: initialized successfully - sym options: 0x614 - pdb path: .;C:\Program Files\JetBrains\WebStorm 2024.3\jbr\bin;C:\WINDOWS\SYSTEM32;C:\WINDOWS\WinSxS\amd64_microsoft.windows.common-controls_6595b64144ccf1df_6.0.22621.4391_none_2715d37f73803e96;C:\Program Files\JetBrains\WebStorm 2024.3\jbr\bin\server

VM Arguments:
java_command: git4idea.http.GitAskPassApp Username for 'https://github.com': 
java_class_path (initial): C:/Program Files/JetBrains/WebStorm 2024.3/plugins/vcs-git/lib/git4idea-rt.jar;C:/Program Files/JetBrains/WebStorm 2024.3/lib/externalProcess-rt.jar
Launcher Type: SUN_STANDARD

[Global flags]
     intx CICompilerCount                          = 12                                        {product} {ergonomic}
     uint ConcGCThreads                            = 4                                         {product} {ergonomic}
     uint G1ConcRefinementThreads                  = 15                                        {product} {ergonomic}
   size_t G1HeapRegionSize                         = 2097152                                   {product} {ergonomic}
    uintx GCDrainStackTargetSize                   = 64                                        {product} {ergonomic}
   size_t InitialHeapSize                          = 264241152                                 {product} {ergonomic}
   size_t MarkStackSize                            = 4194304                                   {product} {ergonomic}
   size_t MaxHeapSize                              = 4223664128                                {product} {ergonomic}
   size_t MaxNewSize                               = 2533359616                                {product} {ergonomic}
   size_t MinHeapDeltaBytes                        = 2097152                                   {product} {ergonomic}
   size_t MinHeapSize                              = 8388608                                   {product} {ergonomic}
    uintx NonNMethodCodeHeapSize                   = 7602480                                {pd product} {ergonomic}
    uintx NonProfiledCodeHeapSize                  = 122027880                              {pd product} {ergonomic}
    uintx ProfiledCodeHeapSize                     = 122027880                              {pd product} {ergonomic}
    uintx ReservedCodeCacheSize                    = 251658240                              {pd product} {ergonomic}
     bool SegmentedCodeCache                       = true                                      {product} {ergonomic}
   size_t SoftMaxHeapSize                          = 4223664128                             {manageable} {ergonomic}
     bool UseCompressedOops                        = true                           {product lp64_product} {ergonomic}
     bool UseG1GC                                  = true                                      {product} {ergonomic}
     bool UseLargePagesIndividualAllocation        = false                                  {pd product} {ergonomic}

Logging:
Log output configuration:
 #0: stdout all=warning uptime,level,tags foldmultilines=false
 #1: stderr all=off uptime,level,tags foldmultilines=false

Environment Variables:
PATH=C:\Program Files\Git\mingw64\libexec\git-core;C:\Program Files\Git\mingw64\libexec\git-core;C:\Program Files\Git\mingw64\bin;C:\Program Files\Git\usr\bin;C:\Users\salop\bin;C:\Program Files\Common Files\Oracle\Java\javapath;C:\Program Files (x86)\Common Files\Oracle\Java\javapath;C:\Windows\System32\HWAudioDriverLibs;C:\Windows\system32;C:\Windows;C:\Windows\System32\Wbem;C:\Windows\System32\WindowsPowerShell\v1.0;C:\Windows\System32\OpenSSH;C:\Users\Administrator\AppData\Local\Microsoft\WindowsApps;C:\Program Files\Git\cmd;C:\WINDOWS\system32;C:\WINDOWS;C:\WINDOWS\System32\Wbem;C:\WINDOWS\System32\WindowsPowerShell\v1.0;C:\WINDOWS\System32\OpenSSH;C:\Program Files (x86)\Windows Kits\10\Windows Performance Toolkit;C:\WINDOWS\system32\config\systemprofile\AppData\Local\Microsoft\WindowsApps;C:\windows\system32\HWAudioDriver;C:\Program Files\dotnet;C:\Users\salop\AppData\Local\Microsoft\WindowsApps;C:\Users\salop\AppData\Local\GitHubDesktop\bin;C:\Program Files\JetBrains\PyCharm 2023.3.1\bin;C:\Users\salop\AppData\Local\Programs\Microsoft VS Code\bin;C:\Users\salop\.dotnet\tools;C:\Users\salop\AppData\Local\Microsoft\WinGet\Packages\Schniz.fnm_Microsoft.Winget.Source_8wekyb3d8bbwe;D:\altera\13.1\modelsim_ase\win32aloem
USERNAME=salop
DISPLAY=:0.0
LC_ALL=en_US.UTF-8
TERM=xterm-256color
TMPDIR=C:\Users\salop\AppData\Local\Temp
OS=Windows_NT
PROCESSOR_IDENTIFIER=Intel64 Family 6 Model 154 Stepping 3, GenuineIntel
TMP=C:\Users\salop\AppData\Local\Temp
TEMP=C:\Users\salop\AppData\Local\Temp




Periodic native trim disabled

JNI global refs:
JNI global refs: 29, weak refs: 0

JNI global refs memory usage: 835, weak refs: 833

Process memory usage:
Resident Set Size: 90836K (0% of 16497272K total physical memory with 2674304K free physical memory)

OOME stack traces (most recent first):
Classloader memory used:
Loader bootstrap                                                                       : 7524K
Loader jdk.internal.loader.ClassLoaders$PlatformClassLoader                            : 2022K
Loader jdk.internal.loader.ClassLoaders$AppClassLoader                                 : 20416B

---------------  S Y S T E M  ---------------

OS:
 Windows 11 , 64 bit Build 22621 (10.0.22621.4391)
OS uptime: 4 days 4:09 hours

CPU: total 20 (initial active 20) (10 cores per cpu, 2 threads per core) family 6 model 154 stepping 3 microcode 0x41e, cx8, cmov, fxsr, ht, mmx, 3dnowpref, sse, sse2, sse3, ssse3, sse4.1, sse4.2, popcnt, lzcnt, tsc, tscinvbit, avx, avx2, aes, erms, clmul, bmi1, bmi2, adx, sha, fma, vzeroupper, clflush, clflushopt, clwb, serialize, rdtscp, rdpid, fsrm, f16c, pku, cet_ibt, cet_ss
Processor Information for processor 0
  Max Mhz: 2300, Current Mhz: 2300, Mhz Limit: 2300
Processor Information for processor 1
  Max Mhz: 2300, Current Mhz: 2300, Mhz Limit: 2300
Processor Information for processor 2
  Max Mhz: 2300, Current Mhz: 2300, Mhz Limit: 2300
Processor Information for processor 3
  Max Mhz: 2300, Current Mhz: 2300, Mhz Limit: 2300
Processor Information for processor 4
  Max Mhz: 2300, Current Mhz: 2300, Mhz Limit: 2300
Processor Information for processor 5
  Max Mhz: 2300, Current Mhz: 2300, Mhz Limit: 2300
Processor Information for processor 6
  Max Mhz: 2300, Current Mhz: 1506, Mhz Limit: 2300
Processor Information for processor 7
  Max Mhz: 2300, Current Mhz: 2300, Mhz Limit: 2300
Processor Information for processor 8
  Max Mhz: 2300, Current Mhz: 2300, Mhz Limit: 2300
Processor Information for processor 9
  Max Mhz: 2300, Current Mhz: 2300, Mhz Limit: 2300
Processor Information for processor 10
  Max Mhz: 2300, Current Mhz: 2300, Mhz Limit: 2300
Processor Information for processor 11
  Max Mhz: 2300, Current Mhz: 2300, Mhz Limit: 2300
Processor Information for processor 12
  Max Mhz: 2300, Current Mhz: 1700, Mhz Limit: 1679
Processor Information for processor 13
  Max Mhz: 2300, Current Mhz: 1500, Mhz Limit: 1679
Processor Information for processor 14
  Max Mhz: 2300, Current Mhz: 1500, Mhz Limit: 1679
Processor Information for processor 15
  Max Mhz: 2300, Current Mhz: 1700, Mhz Limit: 1679
Processor Information for processor 16
  Max Mhz: 2300, Current Mhz: 1700, Mhz Limit: 1679
Processor Information for processor 17
  Max Mhz: 2300, Current Mhz: 1700, Mhz Limit: 1679
Processor Information for processor 18
  Max Mhz: 2300, Current Mhz: 1500, Mhz Limit: 1679
Processor Information for processor 19
  Max Mhz: 2300, Current Mhz: 1700, Mhz Limit: 1679

Memory: 4k page, system-wide physical 16110M (2611M free)
TotalPageFile size 21174M (AvailPageFile size 6M)
current process WorkingSet (physical memory assigned to process): 88M, peak: 88M
current process commit charge ("private bytes"): 380M, peak: 382M

vm_info: OpenJDK 64-Bit Server VM (21.0.5+8-b631.16) for windows-amd64 JRE (21.0.5+8-b631.16), built on 2024-11-02 by "builduser" with MS VC++ 16.10 / 16.11 (VS2019)

END.
